2021-05-08 16:44:07,689 - SQL COMMAND: SELECT * FROM dp_device_info WHERE sasStage = 'heartbeat' params: None
2021-05-08 16:44:07,697 - FoxconnMock-SASABC123: Heartbeat Request: {'cbsdId': 'FoxconnMock-SASABC123', 'grantId': '', 'operationState': ''}
2021-05-08 16:44:07,697 - FoxconnMock-SASDCE994613163: Heartbeat Request: {'cbsdId': 'FoxconnMock-SASDCE994613163', 'grantId': '', 'operationState': ''}
2021-05-08 16:44:07,704 - SQL COMMAND: SELECT * FROM dp_device_info where sasStage = 'reg' params: None
2021-05-08 16:44:07,706 - /////////////////////////REGISTRATION for def234 \\\\\\\\\\\\\\\\\\\'
2021-05-08 16:44:07,706 - def234: Reg Request: {'cbsdSerialNumber': 'def234', 'fccId': 'Foxconn', 'cbsdCategory': 'B', 'userId': 'Robert Smith'}
2021-05-08 16:44:07,706 - /////////////////////////REGISTRATION for ghi567 \\\\\\\\\\\\\\\\\\\'
2021-05-08 16:44:07,707 - ghi567: Reg Request: {'cbsdSerialNumber': 'ghi567', 'fccId': 'Foxconn', 'cbsdCategory': 'B', 'userId': 'Robert Smith'}
2021-05-08 16:44:07,710 -  * Running on http://0.0.0.0:8089/ (Press CTRL+C to quit)
2021-05-08 16:44:07,726 - SQL COMMAND: SELECT cbsdId, EARFCN,lowFrequency,highFrequency FROM dp_device_info where sasStage = 'spectrum' params: None
2021-05-08 16:44:07,734 - SQL COMMAND: select * from dp_device_info WHERE sasStage = 'grant' params: None
2021-05-08 16:44:11,720 - SQL COMMAND: SELECT * FROM dp_device_info WHERE sasStage = 'heartbeat' params: None
2021-05-08 16:44:11,724 - FoxconnMock-SASABC123: Heartbeat Request: {'cbsdId': 'FoxconnMock-SASABC123', 'grantId': '', 'operationState': ''}
2021-05-08 16:44:11,724 - FoxconnMock-SASDCE994613163: Heartbeat Request: {'cbsdId': 'FoxconnMock-SASDCE994613163', 'grantId': '', 'operationState': ''}
2021-05-08 16:44:11,752 - SQL COMMAND: SELECT * FROM dp_device_info where sasStage = 'reg' params: None
2021-05-08 16:44:11,754 - /////////////////////////REGISTRATION for def234 \\\\\\\\\\\\\\\\\\\'
2021-05-08 16:44:11,755 - def234: Reg Request: {'cbsdSerialNumber': 'def234', 'fccId': 'Foxconn', 'cbsdCategory': 'B', 'userId': 'Robert Smith'}
2021-05-08 16:44:11,755 - /////////////////////////REGISTRATION for ghi567 \\\\\\\\\\\\\\\\\\\'
2021-05-08 16:44:11,755 - ghi567: Reg Request: {'cbsdSerialNumber': 'ghi567', 'fccId': 'Foxconn', 'cbsdCategory': 'B', 'userId': 'Robert Smith'}
2021-05-08 16:44:11,759 - SQL COMMAND: SELECT cbsdId, EARFCN,lowFrequency,highFrequency FROM dp_device_info where sasStage = 'spectrum' params: None
2021-05-08 16:44:11,763 - SQL COMMAND: select * from dp_device_info WHERE sasStage = 'grant' params: None
2021-05-08 16:44:15,733 - SQL COMMAND: SELECT * FROM dp_device_info WHERE sasStage = 'heartbeat' params: None
2021-05-08 16:44:15,736 - FoxconnMock-SASABC123: Heartbeat Request: {'cbsdId': 'FoxconnMock-SASABC123', 'grantId': '', 'operationState': ''}
2021-05-08 16:44:15,736 - FoxconnMock-SASDCE994613163: Heartbeat Request: {'cbsdId': 'FoxconnMock-SASDCE994613163', 'grantId': '', 'operationState': ''}
2021-05-08 16:44:15,775 - SQL COMMAND: SELECT * FROM dp_device_info where sasStage = 'reg' params: None
2021-05-08 16:44:15,777 - /////////////////////////REGISTRATION for def234 \\\\\\\\\\\\\\\\\\\'
2021-05-08 16:44:15,778 - def234: Reg Request: {'cbsdSerialNumber': 'def234', 'fccId': 'Foxconn', 'cbsdCategory': 'B', 'userId': 'Robert Smith'}
2021-05-08 16:44:15,778 - /////////////////////////REGISTRATION for ghi567 \\\\\\\\\\\\\\\\\\\'
2021-05-08 16:44:15,778 - ghi567: Reg Request: {'cbsdSerialNumber': 'ghi567', 'fccId': 'Foxconn', 'cbsdCategory': 'B', 'userId': 'Robert Smith'}
2021-05-08 16:44:15,782 - SQL COMMAND: SELECT cbsdId, EARFCN,lowFrequency,highFrequency FROM dp_device_info where sasStage = 'spectrum' params: None
2021-05-08 16:44:15,792 - SQL COMMAND: select * from dp_device_info WHERE sasStage = 'grant' params: None
2021-05-08 16:44:19,745 - SQL COMMAND: SELECT * FROM dp_device_info WHERE sasStage = 'heartbeat' params: None
2021-05-08 16:44:19,748 - FoxconnMock-SASABC123: Heartbeat Request: {'cbsdId': 'FoxconnMock-SASABC123', 'grantId': '', 'operationState': ''}
2021-05-08 16:44:19,748 - FoxconnMock-SASDCE994613163: Heartbeat Request: {'cbsdId': 'FoxconnMock-SASDCE994613163', 'grantId': '', 'operationState': ''}
2021-05-08 16:44:19,802 - SQL COMMAND: SELECT * FROM dp_device_info where sasStage = 'reg' params: None
2021-05-08 16:44:19,804 - /////////////////////////REGISTRATION for def234 \\\\\\\\\\\\\\\\\\\'
2021-05-08 16:44:19,804 - def234: Reg Request: {'cbsdSerialNumber': 'def234', 'fccId': 'Foxconn', 'cbsdCategory': 'B', 'userId': 'Robert Smith'}
2021-05-08 16:44:19,804 - /////////////////////////REGISTRATION for ghi567 \\\\\\\\\\\\\\\\\\\'
2021-05-08 16:44:19,804 - ghi567: Reg Request: {'cbsdSerialNumber': 'ghi567', 'fccId': 'Foxconn', 'cbsdCategory': 'B', 'userId': 'Robert Smith'}
2021-05-08 16:44:19,809 - SQL COMMAND: SELECT cbsdId, EARFCN,lowFrequency,highFrequency FROM dp_device_info where sasStage = 'spectrum' params: None
2021-05-08 16:44:19,813 - SQL COMMAND: select * from dp_device_info WHERE sasStage = 'grant' params: None
2021-05-08 16:44:23,756 - SQL COMMAND: SELECT * FROM dp_device_info WHERE sasStage = 'heartbeat' params: None
2021-05-08 16:44:23,758 - FoxconnMock-SASABC123: Heartbeat Request: {'cbsdId': 'FoxconnMock-SASABC123', 'grantId': '', 'operationState': ''}
2021-05-08 16:44:23,758 - FoxconnMock-SASDCE994613163: Heartbeat Request: {'cbsdId': 'FoxconnMock-SASDCE994613163', 'grantId': '', 'operationState': ''}
2021-05-08 16:44:23,822 - SQL COMMAND: SELECT * FROM dp_device_info where sasStage = 'reg' params: None
2021-05-08 16:44:23,824 - /////////////////////////REGISTRATION for def234 \\\\\\\\\\\\\\\\\\\'
2021-05-08 16:44:23,824 - def234: Reg Request: {'cbsdSerialNumber': 'def234', 'fccId': 'Foxconn', 'cbsdCategory': 'B', 'userId': 'Robert Smith'}
2021-05-08 16:44:23,824 - /////////////////////////REGISTRATION for ghi567 \\\\\\\\\\\\\\\\\\\'
2021-05-08 16:44:23,824 - ghi567: Reg Request: {'cbsdSerialNumber': 'ghi567', 'fccId': 'Foxconn', 'cbsdCategory': 'B', 'userId': 'Robert Smith'}
2021-05-08 16:44:23,827 - SQL COMMAND: SELECT cbsdId, EARFCN,lowFrequency,highFrequency FROM dp_device_info where sasStage = 'spectrum' params: None
2021-05-08 16:44:23,832 - SQL COMMAND: select * from dp_device_info WHERE sasStage = 'grant' params: None
2021-05-08 16:44:27,766 - SQL COMMAND: SELECT * FROM dp_device_info WHERE sasStage = 'heartbeat' params: None
2021-05-08 16:44:27,769 - FoxconnMock-SASABC123: Heartbeat Request: {'cbsdId': 'FoxconnMock-SASABC123', 'grantId': '', 'operationState': ''}
2021-05-08 16:44:27,769 - FoxconnMock-SASDCE994613163: Heartbeat Request: {'cbsdId': 'FoxconnMock-SASDCE994613163', 'grantId': '', 'operationState': ''}
2021-05-08 16:44:27,842 - SQL COMMAND: SELECT * FROM dp_device_info where sasStage = 'reg' params: None
2021-05-08 16:44:27,845 - /////////////////////////REGISTRATION for def234 \\\\\\\\\\\\\\\\\\\'
2021-05-08 16:44:27,845 - def234: Reg Request: {'cbsdSerialNumber': 'def234', 'fccId': 'Foxconn', 'cbsdCategory': 'B', 'userId': 'Robert Smith'}
2021-05-08 16:44:27,845 - /////////////////////////REGISTRATION for ghi567 \\\\\\\\\\\\\\\\\\\'
2021-05-08 16:44:27,845 - ghi567: Reg Request: {'cbsdSerialNumber': 'ghi567', 'fccId': 'Foxconn', 'cbsdCategory': 'B', 'userId': 'Robert Smith'}
2021-05-08 16:44:27,849 - SQL COMMAND: SELECT cbsdId, EARFCN,lowFrequency,highFrequency FROM dp_device_info where sasStage = 'spectrum' params: None
2021-05-08 16:44:27,854 - SQL COMMAND: select * from dp_device_info WHERE sasStage = 'grant' params: None
2021-05-08 16:44:53,966 - SQL COMMAND: SELECT * FROM dp_device_info where sasStage = 'reg' params: None
2021-05-08 16:44:53,969 - /////////////////////////REGISTRATION for def234 \\\\\\\\\\\\\\\\\\\'
2021-05-08 16:44:53,969 - def234: Reg Request: {'cbsdSerialNumber': 'def234', 'fccId': 'Foxconn', 'cbsdCategory': 'B', 'userId': 'Robert Smith'}
2021-05-08 16:44:53,969 - /////////////////////////REGISTRATION for ghi567 \\\\\\\\\\\\\\\\\\\'
2021-05-08 16:44:53,969 - ghi567: Reg Request: {'cbsdSerialNumber': 'ghi567', 'fccId': 'Foxconn', 'cbsdCategory': 'B', 'userId': 'Robert Smith'}
2021-05-08 16:44:53,975 - SQL COMMAND: SELECT * FROM dp_device_info WHERE sasStage = 'heartbeat' params: None
2021-05-08 16:44:53,977 - FoxconnMock-SASABC123: Heartbeat Request: {'cbsdId': 'FoxconnMock-SASABC123', 'grantId': '', 'operationState': ''}
2021-05-08 16:44:53,978 - FoxconnMock-SASDCE994613163: Heartbeat Request: {'cbsdId': 'FoxconnMock-SASDCE994613163', 'grantId': '', 'operationState': ''}
2021-05-08 16:44:53,981 - SQL COMMAND: SELECT cbsdId, EARFCN,lowFrequency,highFrequency FROM dp_device_info where sasStage = 'spectrum' params: None
2021-05-08 16:44:53,987 - SQL COMMAND: select * from dp_device_info WHERE sasStage = 'grant' params: None
2021-05-08 16:44:57,986 - SQL COMMAND: SELECT * FROM dp_device_info WHERE sasStage = 'heartbeat' params: None
2021-05-08 16:44:57,988 - FoxconnMock-SASABC123: Heartbeat Request: {'cbsdId': 'FoxconnMock-SASABC123', 'grantId': '', 'operationState': ''}
2021-05-08 16:44:57,988 - FoxconnMock-SASDCE994613163: Heartbeat Request: {'cbsdId': 'FoxconnMock-SASDCE994613163', 'grantId': '', 'operationState': ''}
2021-05-08 16:44:57,998 - SQL COMMAND: SELECT * FROM dp_device_info where sasStage = 'reg' params: None
2021-05-08 16:44:58,001 - /////////////////////////REGISTRATION for def234 \\\\\\\\\\\\\\\\\\\'
2021-05-08 16:44:58,001 - def234: Reg Request: {'cbsdSerialNumber': 'def234', 'fccId': 'Foxconn', 'cbsdCategory': 'B', 'userId': 'Robert Smith'}
2021-05-08 16:44:58,001 - /////////////////////////REGISTRATION for ghi567 \\\\\\\\\\\\\\\\\\\'
2021-05-08 16:44:58,001 - ghi567: Reg Request: {'cbsdSerialNumber': 'ghi567', 'fccId': 'Foxconn', 'cbsdCategory': 'B', 'userId': 'Robert Smith'}
2021-05-08 16:44:58,004 - SQL COMMAND: SELECT cbsdId, EARFCN,lowFrequency,highFrequency FROM dp_device_info where sasStage = 'spectrum' params: None
2021-05-08 16:44:58,009 - SQL COMMAND: select * from dp_device_info WHERE sasStage = 'grant' params: None
2021-05-08 16:45:01,998 - SQL COMMAND: SELECT * FROM dp_device_info WHERE sasStage = 'heartbeat' params: None
2021-05-08 16:45:02,001 - FoxconnMock-SASABC123: Heartbeat Request: {'cbsdId': 'FoxconnMock-SASABC123', 'grantId': '', 'operationState': ''}
2021-05-08 16:45:02,001 - FoxconnMock-SASDCE994613163: Heartbeat Request: {'cbsdId': 'FoxconnMock-SASDCE994613163', 'grantId': '', 'operationState': ''}
2021-05-08 16:45:02,021 - SQL COMMAND: SELECT * FROM dp_device_info where sasStage = 'reg' params: None
2021-05-08 16:45:02,023 - /////////////////////////REGISTRATION for def234 \\\\\\\\\\\\\\\\\\\'
2021-05-08 16:45:02,023 - def234: Reg Request: {'cbsdSerialNumber': 'def234', 'fccId': 'Foxconn', 'cbsdCategory': 'B', 'userId': 'Robert Smith'}
2021-05-08 16:45:02,023 - /////////////////////////REGISTRATION for ghi567 \\\\\\\\\\\\\\\\\\\'
2021-05-08 16:45:02,023 - ghi567: Reg Request: {'cbsdSerialNumber': 'ghi567', 'fccId': 'Foxconn', 'cbsdCategory': 'B', 'userId': 'Robert Smith'}
2021-05-08 16:45:02,027 - SQL COMMAND: SELECT cbsdId, EARFCN,lowFrequency,highFrequency FROM dp_device_info where sasStage = 'spectrum' params: None
2021-05-08 16:45:02,031 - SQL COMMAND: select * from dp_device_info WHERE sasStage = 'grant' params: None
2021-05-08 16:45:06,010 - SQL COMMAND: SELECT * FROM dp_device_info WHERE sasStage = 'heartbeat' params: None
2021-05-08 16:45:06,012 - FoxconnMock-SASABC123: Heartbeat Request: {'cbsdId': 'FoxconnMock-SASABC123', 'grantId': '', 'operationState': ''}
2021-05-08 16:45:06,012 - FoxconnMock-SASDCE994613163: Heartbeat Request: {'cbsdId': 'FoxconnMock-SASDCE994613163', 'grantId': '', 'operationState': ''}
2021-05-08 16:45:06,039 - SQL COMMAND: SELECT * FROM dp_device_info where sasStage = 'reg' params: None
2021-05-08 16:45:06,041 - /////////////////////////REGISTRATION for def234 \\\\\\\\\\\\\\\\\\\'
2021-05-08 16:45:06,041 - def234: Reg Request: {'cbsdSerialNumber': 'def234', 'fccId': 'Foxconn', 'cbsdCategory': 'B', 'userId': 'Robert Smith'}
2021-05-08 16:45:06,042 - /////////////////////////REGISTRATION for ghi567 \\\\\\\\\\\\\\\\\\\'
2021-05-08 16:45:06,042 - ghi567: Reg Request: {'cbsdSerialNumber': 'ghi567', 'fccId': 'Foxconn', 'cbsdCategory': 'B', 'userId': 'Robert Smith'}
2021-05-08 16:45:06,046 - SQL COMMAND: SELECT cbsdId, EARFCN,lowFrequency,highFrequency FROM dp_device_info where sasStage = 'spectrum' params: None
2021-05-08 16:45:06,050 - SQL COMMAND: select * from dp_device_info WHERE sasStage = 'grant' params: None
2021-05-08 16:45:10,027 - SQL COMMAND: SELECT * FROM dp_device_info WHERE sasStage = 'heartbeat' params: None
2021-05-08 16:45:10,030 - FoxconnMock-SASABC123: Heartbeat Request: {'cbsdId': 'FoxconnMock-SASABC123', 'grantId': '', 'operationState': ''}
2021-05-08 16:45:10,030 - FoxconnMock-SASDCE994613163: Heartbeat Request: {'cbsdId': 'FoxconnMock-SASDCE994613163', 'grantId': '', 'operationState': ''}
2021-05-08 16:45:10,057 - SQL COMMAND: SELECT * FROM dp_device_info where sasStage = 'reg' params: None
2021-05-08 16:45:10,060 - /////////////////////////REGISTRATION for def234 \\\\\\\\\\\\\\\\\\\'
2021-05-08 16:45:10,060 - def234: Reg Request: {'cbsdSerialNumber': 'def234', 'fccId': 'Foxconn', 'cbsdCategory': 'B', 'userId': 'Robert Smith'}
2021-05-08 16:45:10,060 - /////////////////////////REGISTRATION for ghi567 \\\\\\\\\\\\\\\\\\\'
2021-05-08 16:45:10,060 - ghi567: Reg Request: {'cbsdSerialNumber': 'ghi567', 'fccId': 'Foxconn', 'cbsdCategory': 'B', 'userId': 'Robert Smith'}
2021-05-08 16:45:10,064 - SQL COMMAND: SELECT cbsdId, EARFCN,lowFrequency,highFrequency FROM dp_device_info where sasStage = 'spectrum' params: None
2021-05-08 16:45:10,068 - SQL COMMAND: select * from dp_device_info WHERE sasStage = 'grant' params: None
2021-05-08 16:45:14,036 - SQL COMMAND: SELECT * FROM dp_device_info WHERE sasStage = 'heartbeat' params: None
2021-05-08 16:45:14,038 - FoxconnMock-SASABC123: Heartbeat Request: {'cbsdId': 'FoxconnMock-SASABC123', 'grantId': '', 'operationState': ''}
2021-05-08 16:45:14,038 - FoxconnMock-SASDCE994613163: Heartbeat Request: {'cbsdId': 'FoxconnMock-SASDCE994613163', 'grantId': '', 'operationState': ''}
2021-05-08 16:45:14,078 - SQL COMMAND: SELECT * FROM dp_device_info where sasStage = 'reg' params: None
2021-05-08 16:45:14,081 - /////////////////////////REGISTRATION for def234 \\\\\\\\\\\\\\\\\\\'
2021-05-08 16:45:14,081 - def234: Reg Request: {'cbsdSerialNumber': 'def234', 'fccId': 'Foxconn', 'cbsdCategory': 'B', 'userId': 'Robert Smith'}
2021-05-08 16:45:14,081 - /////////////////////////REGISTRATION for ghi567 \\\\\\\\\\\\\\\\\\\'
2021-05-08 16:45:14,081 - ghi567: Reg Request: {'cbsdSerialNumber': 'ghi567', 'fccId': 'Foxconn', 'cbsdCategory': 'B', 'userId': 'Robert Smith'}
2021-05-08 16:45:14,086 - SQL COMMAND: SELECT cbsdId, EARFCN,lowFrequency,highFrequency FROM dp_device_info where sasStage = 'spectrum' params: None
2021-05-08 16:45:14,090 - SQL COMMAND: select * from dp_device_info WHERE sasStage = 'grant' params: None
2021-05-08 16:45:18,047 - SQL COMMAND: SELECT * FROM dp_device_info WHERE sasStage = 'heartbeat' params: None
2021-05-08 16:45:18,052 - FoxconnMock-SASABC123: Heartbeat Request: {'cbsdId': 'FoxconnMock-SASABC123', 'grantId': '', 'operationState': ''}
2021-05-08 16:45:18,052 - FoxconnMock-SASDCE994613163: Heartbeat Request: {'cbsdId': 'FoxconnMock-SASDCE994613163', 'grantId': '', 'operationState': ''}
2021-05-08 16:45:18,101 - SQL COMMAND: SELECT * FROM dp_device_info where sasStage = 'reg' params: None
2021-05-08 16:45:18,112 - /////////////////////////REGISTRATION for def234 \\\\\\\\\\\\\\\\\\\'
2021-05-08 16:45:18,113 - def234: Reg Request: {'cbsdSerialNumber': 'def234', 'fccId': 'Foxconn', 'cbsdCategory': 'B', 'userId': 'Robert Smith'}
2021-05-08 16:45:18,113 - /////////////////////////REGISTRATION for ghi567 \\\\\\\\\\\\\\\\\\\'
2021-05-08 16:45:18,113 - ghi567: Reg Request: {'cbsdSerialNumber': 'ghi567', 'fccId': 'Foxconn', 'cbsdCategory': 'B', 'userId': 'Robert Smith'}
2021-05-08 16:45:18,116 - SQL COMMAND: SELECT cbsdId, EARFCN,lowFrequency,highFrequency FROM dp_device_info where sasStage = 'spectrum' params: None
2021-05-08 16:45:18,127 - SQL COMMAND: select * from dp_device_info WHERE sasStage = 'grant' params: None
2021-05-08 16:45:22,079 - SQL COMMAND: SELECT * FROM dp_device_info WHERE sasStage = 'heartbeat' params: None
2021-05-08 16:45:22,083 - FoxconnMock-SASABC123: Heartbeat Request: {'cbsdId': 'FoxconnMock-SASABC123', 'grantId': '', 'operationState': ''}
2021-05-08 16:45:22,083 - FoxconnMock-SASDCE994613163: Heartbeat Request: {'cbsdId': 'FoxconnMock-SASDCE994613163', 'grantId': '', 'operationState': ''}
2021-05-08 16:45:22,136 - SQL COMMAND: SELECT * FROM dp_device_info where sasStage = 'reg' params: None
2021-05-08 16:45:22,140 - /////////////////////////REGISTRATION for def234 \\\\\\\\\\\\\\\\\\\'
2021-05-08 16:45:22,140 - def234: Reg Request: {'cbsdSerialNumber': 'def234', 'fccId': 'Foxconn', 'cbsdCategory': 'B', 'userId': 'Robert Smith'}
2021-05-08 16:45:22,140 - /////////////////////////REGISTRATION for ghi567 \\\\\\\\\\\\\\\\\\\'
2021-05-08 16:45:22,141 - ghi567: Reg Request: {'cbsdSerialNumber': 'ghi567', 'fccId': 'Foxconn', 'cbsdCategory': 'B', 'userId': 'Robert Smith'}
2021-05-08 16:45:22,145 - SQL COMMAND: SELECT cbsdId, EARFCN,lowFrequency,highFrequency FROM dp_device_info where sasStage = 'spectrum' params: None
2021-05-08 16:45:22,150 - SQL COMMAND: select * from dp_device_info WHERE sasStage = 'grant' params: None
2021-05-08 16:45:26,088 - SQL COMMAND: SELECT * FROM dp_device_info WHERE sasStage = 'heartbeat' params: None
2021-05-08 16:45:26,092 - FoxconnMock-SASABC123: Heartbeat Request: {'cbsdId': 'FoxconnMock-SASABC123', 'grantId': '', 'operationState': ''}
2021-05-08 16:45:26,092 - FoxconnMock-SASDCE994613163: Heartbeat Request: {'cbsdId': 'FoxconnMock-SASDCE994613163', 'grantId': '', 'operationState': ''}
2021-05-08 16:45:26,160 - SQL COMMAND: SELECT * FROM dp_device_info where sasStage = 'reg' params: None
2021-05-08 16:45:26,163 - /////////////////////////REGISTRATION for def234 \\\\\\\\\\\\\\\\\\\'
2021-05-08 16:45:26,164 - def234: Reg Request: {'cbsdSerialNumber': 'def234', 'fccId': 'Foxconn', 'cbsdCategory': 'B', 'userId': 'Robert Smith'}
2021-05-08 16:45:26,164 - /////////////////////////REGISTRATION for ghi567 \\\\\\\\\\\\\\\\\\\'
2021-05-08 16:45:26,164 - ghi567: Reg Request: {'cbsdSerialNumber': 'ghi567', 'fccId': 'Foxconn', 'cbsdCategory': 'B', 'userId': 'Robert Smith'}
2021-05-08 16:45:26,168 - SQL COMMAND: SELECT cbsdId, EARFCN,lowFrequency,highFrequency FROM dp_device_info where sasStage = 'spectrum' params: None
2021-05-08 16:45:26,173 - SQL COMMAND: select * from dp_device_info WHERE sasStage = 'grant' params: None
2021-05-08 16:45:30,114 - SQL COMMAND: SELECT * FROM dp_device_info WHERE sasStage = 'heartbeat' params: None
2021-05-08 16:45:30,116 - FoxconnMock-SASABC123: Heartbeat Request: {'cbsdId': 'FoxconnMock-SASABC123', 'grantId': '', 'operationState': ''}
2021-05-08 16:45:30,117 - FoxconnMock-SASDCE994613163: Heartbeat Request: {'cbsdId': 'FoxconnMock-SASDCE994613163', 'grantId': '', 'operationState': ''}
2021-05-08 16:45:30,183 - SQL COMMAND: SELECT * FROM dp_device_info where sasStage = 'reg' params: None
2021-05-08 16:45:30,186 - /////////////////////////REGISTRATION for def234 \\\\\\\\\\\\\\\\\\\'
2021-05-08 16:45:30,186 - def234: Reg Request: {'cbsdSerialNumber': 'def234', 'fccId': 'Foxconn', 'cbsdCategory': 'B', 'userId': 'Robert Smith'}
2021-05-08 16:45:30,187 - /////////////////////////REGISTRATION for ghi567 \\\\\\\\\\\\\\\\\\\'
2021-05-08 16:45:30,187 - ghi567: Reg Request: {'cbsdSerialNumber': 'ghi567', 'fccId': 'Foxconn', 'cbsdCategory': 'B', 'userId': 'Robert Smith'}
2021-05-08 16:45:30,191 - SQL COMMAND: SELECT cbsdId, EARFCN,lowFrequency,highFrequency FROM dp_device_info where sasStage = 'spectrum' params: None
2021-05-08 16:45:30,196 - SQL COMMAND: select * from dp_device_info WHERE sasStage = 'grant' params: None
2021-05-08 16:45:34,124 - SQL COMMAND: SELECT * FROM dp_device_info WHERE sasStage = 'heartbeat' params: None
2021-05-08 16:45:34,126 - FoxconnMock-SASABC123: Heartbeat Request: {'cbsdId': 'FoxconnMock-SASABC123', 'grantId': '', 'operationState': ''}
2021-05-08 16:45:34,126 - FoxconnMock-SASDCE994613163: Heartbeat Request: {'cbsdId': 'FoxconnMock-SASDCE994613163', 'grantId': '', 'operationState': ''}
2021-05-08 16:45:34,206 - SQL COMMAND: SELECT * FROM dp_device_info where sasStage = 'reg' params: None
2021-05-08 16:45:34,209 - /////////////////////////REGISTRATION for def234 \\\\\\\\\\\\\\\\\\\'
2021-05-08 16:45:34,209 - def234: Reg Request: {'cbsdSerialNumber': 'def234', 'fccId': 'Foxconn', 'cbsdCategory': 'B', 'userId': 'Robert Smith'}
2021-05-08 16:45:34,209 - /////////////////////////REGISTRATION for ghi567 \\\\\\\\\\\\\\\\\\\'
2021-05-08 16:45:34,209 - ghi567: Reg Request: {'cbsdSerialNumber': 'ghi567', 'fccId': 'Foxconn', 'cbsdCategory': 'B', 'userId': 'Robert Smith'}
2021-05-08 16:45:34,212 - SQL COMMAND: SELECT cbsdId, EARFCN,lowFrequency,highFrequency FROM dp_device_info where sasStage = 'spectrum' params: None
2021-05-08 16:45:34,217 - SQL COMMAND: select * from dp_device_info WHERE sasStage = 'grant' params: None
2021-05-08 16:46:56,522 - SQL COMMAND: SELECT * FROM dp_device_info WHERE sasStage = 'heartbeat' params: None
2021-05-08 16:46:56,525 - FoxconnMock-SASABC123: Heartbeat Request: {'cbsdId': 'FoxconnMock-SASABC123', 'grantId': '', 'operationState': ''}
2021-05-08 16:46:56,525 - FoxconnMock-SASDCE994613163: Heartbeat Request: {'cbsdId': 'FoxconnMock-SASDCE994613163', 'grantId': '', 'operationState': ''}
2021-05-08 16:46:56,539 - SQL COMMAND: SELECT * FROM dp_device_info where sasStage = 'reg' params: None
2021-05-08 16:46:56,541 - /////////////////////////REGISTRATION for def234 \\\\\\\\\\\\\\\\\\\'
2021-05-08 16:46:56,541 - def234: Reg Request: {'cbsdSerialNumber': 'def234', 'fccId': 'Foxconn', 'cbsdCategory': 'B', 'userId': 'Robert Smith'}
2021-05-08 16:46:56,541 - /////////////////////////REGISTRATION for ghi567 \\\\\\\\\\\\\\\\\\\'
2021-05-08 16:46:56,541 - ghi567: Reg Request: {'cbsdSerialNumber': 'ghi567', 'fccId': 'Foxconn', 'cbsdCategory': 'B', 'userId': 'Robert Smith'}
2021-05-08 16:46:56,545 - SQL COMMAND: SELECT cbsdId, EARFCN,lowFrequency,highFrequency FROM dp_device_info where sasStage = 'spectrum' params: None
2021-05-08 16:46:56,552 - SQL COMMAND: select * from dp_device_info WHERE sasStage = 'grant' params: None
2021-05-08 16:47:00,537 - SQL COMMAND: SELECT * FROM dp_device_info WHERE sasStage = 'heartbeat' params: None
2021-05-08 16:47:00,540 - FoxconnMock-SASABC123: Heartbeat Request: {'cbsdId': 'FoxconnMock-SASABC123', 'grantId': '', 'operationState': ''}
2021-05-08 16:47:00,540 - FoxconnMock-SASDCE994613163: Heartbeat Request: {'cbsdId': 'FoxconnMock-SASDCE994613163', 'grantId': '', 'operationState': ''}
2021-05-08 16:47:00,573 - SQL COMMAND: SELECT * FROM dp_device_info where sasStage = 'reg' params: None
2021-05-08 16:47:00,576 - /////////////////////////REGISTRATION for def234 \\\\\\\\\\\\\\\\\\\'
2021-05-08 16:47:00,576 - def234: Reg Request: {'cbsdSerialNumber': 'def234', 'fccId': 'Foxconn', 'cbsdCategory': 'B', 'userId': 'Robert Smith'}
2021-05-08 16:47:00,576 - /////////////////////////REGISTRATION for ghi567 \\\\\\\\\\\\\\\\\\\'
2021-05-08 16:47:00,576 - ghi567: Reg Request: {'cbsdSerialNumber': 'ghi567', 'fccId': 'Foxconn', 'cbsdCategory': 'B', 'userId': 'Robert Smith'}
2021-05-08 16:47:00,580 - SQL COMMAND: SELECT cbsdId, EARFCN,lowFrequency,highFrequency FROM dp_device_info where sasStage = 'spectrum' params: None
2021-05-08 16:47:00,584 - SQL COMMAND: select * from dp_device_info WHERE sasStage = 'grant' params: None
2021-05-08 16:47:04,568 - SQL COMMAND: SELECT * FROM dp_device_info WHERE sasStage = 'heartbeat' params: None
2021-05-08 16:47:04,570 - FoxconnMock-SASABC123: Heartbeat Request: {'cbsdId': 'FoxconnMock-SASABC123', 'grantId': '', 'operationState': ''}
2021-05-08 16:47:04,570 - FoxconnMock-SASDCE994613163: Heartbeat Request: {'cbsdId': 'FoxconnMock-SASDCE994613163', 'grantId': '', 'operationState': ''}
2021-05-08 16:47:04,595 - SQL COMMAND: SELECT * FROM dp_device_info where sasStage = 'reg' params: None
2021-05-08 16:47:04,598 - /////////////////////////REGISTRATION for def234 \\\\\\\\\\\\\\\\\\\'
2021-05-08 16:47:04,599 - def234: Reg Request: {'cbsdSerialNumber': 'def234', 'fccId': 'Foxconn', 'cbsdCategory': 'B', 'userId': 'Robert Smith'}
2021-05-08 16:47:04,599 - /////////////////////////REGISTRATION for ghi567 \\\\\\\\\\\\\\\\\\\'
2021-05-08 16:47:04,599 - ghi567: Reg Request: {'cbsdSerialNumber': 'ghi567', 'fccId': 'Foxconn', 'cbsdCategory': 'B', 'userId': 'Robert Smith'}
2021-05-08 16:47:04,603 - SQL COMMAND: SELECT cbsdId, EARFCN,lowFrequency,highFrequency FROM dp_device_info where sasStage = 'spectrum' params: None
2021-05-08 16:47:04,608 - SQL COMMAND: select * from dp_device_info WHERE sasStage = 'grant' params: None
2021-05-08 16:47:08,577 - SQL COMMAND: SELECT * FROM dp_device_info WHERE sasStage = 'heartbeat' params: None
2021-05-08 16:47:08,579 - FoxconnMock-SASABC123: Heartbeat Request: {'cbsdId': 'FoxconnMock-SASABC123', 'grantId': '', 'operationState': ''}
2021-05-08 16:47:08,579 - FoxconnMock-SASDCE994613163: Heartbeat Request: {'cbsdId': 'FoxconnMock-SASDCE994613163', 'grantId': '', 'operationState': ''}
2021-05-08 16:47:08,626 - SQL COMMAND: SELECT * FROM dp_device_info where sasStage = 'reg' params: None
2021-05-08 16:47:08,629 - /////////////////////////REGISTRATION for def234 \\\\\\\\\\\\\\\\\\\'
2021-05-08 16:47:08,629 - def234: Reg Request: {'cbsdSerialNumber': 'def234', 'fccId': 'Foxconn', 'cbsdCategory': 'B', 'userId': 'Robert Smith'}
2021-05-08 16:47:08,629 - /////////////////////////REGISTRATION for ghi567 \\\\\\\\\\\\\\\\\\\'
2021-05-08 16:47:08,629 - ghi567: Reg Request: {'cbsdSerialNumber': 'ghi567', 'fccId': 'Foxconn', 'cbsdCategory': 'B', 'userId': 'Robert Smith'}
2021-05-08 16:47:08,633 - SQL COMMAND: SELECT cbsdId, EARFCN,lowFrequency,highFrequency FROM dp_device_info where sasStage = 'spectrum' params: None
2021-05-08 16:47:08,638 - SQL COMMAND: select * from dp_device_info WHERE sasStage = 'grant' params: None
2021-05-08 16:47:12,588 - SQL COMMAND: SELECT * FROM dp_device_info WHERE sasStage = 'heartbeat' params: None
2021-05-08 16:47:12,591 - FoxconnMock-SASABC123: Heartbeat Request: {'cbsdId': 'FoxconnMock-SASABC123', 'grantId': '', 'operationState': ''}
2021-05-08 16:47:12,591 - FoxconnMock-SASDCE994613163: Heartbeat Request: {'cbsdId': 'FoxconnMock-SASDCE994613163', 'grantId': '', 'operationState': ''}
2021-05-08 16:47:12,647 - SQL COMMAND: SELECT * FROM dp_device_info where sasStage = 'reg' params: None
2021-05-08 16:47:12,650 - /////////////////////////REGISTRATION for def234 \\\\\\\\\\\\\\\\\\\'
2021-05-08 16:47:12,650 - def234: Reg Request: {'cbsdSerialNumber': 'def234', 'fccId': 'Foxconn', 'cbsdCategory': 'B', 'userId': 'Robert Smith'}
2021-05-08 16:47:12,650 - /////////////////////////REGISTRATION for ghi567 \\\\\\\\\\\\\\\\\\\'
2021-05-08 16:47:12,650 - ghi567: Reg Request: {'cbsdSerialNumber': 'ghi567', 'fccId': 'Foxconn', 'cbsdCategory': 'B', 'userId': 'Robert Smith'}
2021-05-08 16:47:12,654 - SQL COMMAND: SELECT cbsdId, EARFCN,lowFrequency,highFrequency FROM dp_device_info where sasStage = 'spectrum' params: None
2021-05-08 16:47:12,659 - SQL COMMAND: select * from dp_device_info WHERE sasStage = 'grant' params: None
2021-05-08 16:47:16,600 - SQL COMMAND: SELECT * FROM dp_device_info WHERE sasStage = 'heartbeat' params: None
2021-05-08 16:47:16,602 - FoxconnMock-SASABC123: Heartbeat Request: {'cbsdId': 'FoxconnMock-SASABC123', 'grantId': '', 'operationState': ''}
2021-05-08 16:47:16,602 - FoxconnMock-SASDCE994613163: Heartbeat Request: {'cbsdId': 'FoxconnMock-SASDCE994613163', 'grantId': '', 'operationState': ''}
2021-05-08 16:47:16,669 - SQL COMMAND: SELECT * FROM dp_device_info where sasStage = 'reg' params: None
2021-05-08 16:47:16,672 - /////////////////////////REGISTRATION for def234 \\\\\\\\\\\\\\\\\\\'
2021-05-08 16:47:16,672 - def234: Reg Request: {'cbsdSerialNumber': 'def234', 'fccId': 'Foxconn', 'cbsdCategory': 'B', 'userId': 'Robert Smith'}
2021-05-08 16:47:16,672 - /////////////////////////REGISTRATION for ghi567 \\\\\\\\\\\\\\\\\\\'
2021-05-08 16:47:16,672 - ghi567: Reg Request: {'cbsdSerialNumber': 'ghi567', 'fccId': 'Foxconn', 'cbsdCategory': 'B', 'userId': 'Robert Smith'}
2021-05-08 16:47:16,675 - SQL COMMAND: SELECT cbsdId, EARFCN,lowFrequency,highFrequency FROM dp_device_info where sasStage = 'spectrum' params: None
2021-05-08 16:47:16,681 - SQL COMMAND: select * from dp_device_info WHERE sasStage = 'grant' params: None
2021-05-08 16:47:20,608 - SQL COMMAND: SELECT * FROM dp_device_info WHERE sasStage = 'heartbeat' params: None
2021-05-08 16:47:20,611 - FoxconnMock-SASABC123: Heartbeat Request: {'cbsdId': 'FoxconnMock-SASABC123', 'grantId': '', 'operationState': ''}
2021-05-08 16:47:20,612 - FoxconnMock-SASDCE994613163: Heartbeat Request: {'cbsdId': 'FoxconnMock-SASDCE994613163', 'grantId': '', 'operationState': ''}
2021-05-08 16:47:20,692 - SQL COMMAND: SELECT * FROM dp_device_info where sasStage = 'reg' params: None
2021-05-08 16:47:20,694 - /////////////////////////REGISTRATION for def234 \\\\\\\\\\\\\\\\\\\'
2021-05-08 16:47:20,694 - def234: Reg Request: {'cbsdSerialNumber': 'def234', 'fccId': 'Foxconn', 'cbsdCategory': 'B', 'userId': 'Robert Smith'}
2021-05-08 16:47:20,694 - /////////////////////////REGISTRATION for ghi567 \\\\\\\\\\\\\\\\\\\'
2021-05-08 16:47:20,695 - ghi567: Reg Request: {'cbsdSerialNumber': 'ghi567', 'fccId': 'Foxconn', 'cbsdCategory': 'B', 'userId': 'Robert Smith'}
2021-05-08 16:47:20,699 - SQL COMMAND: SELECT cbsdId, EARFCN,lowFrequency,highFrequency FROM dp_device_info where sasStage = 'spectrum' params: None
2021-05-08 16:47:20,704 - SQL COMMAND: select * from dp_device_info WHERE sasStage = 'grant' params: None
